  main.cpp
C:\Users\lewin\Documents\Vulkan Learn\LearnVulkan\HelloTriangle.h(637,27): warning C4018: '<': signed/unsigned mismatch
main.obj : error LNK2019: unresolved external symbol _vkCreateInstance@12 referenced in function "private: void __thiscall HelloTriangle::createInstance(void)" (?createInstance@HelloTriangle@@AAEXXZ)
main.obj : error LNK2019: unresolved external symbol _vkDestroyInstance@8 referenced in function "private: void __thiscall HelloTriangle::cleanup(void)" (?cleanup@HelloTriangle@@AAEXXZ)
main.obj : error LNK2019: unresolved external symbol _vkEnumeratePhysicalDevices@12 referenced in function "private: void __thiscall HelloTriangle::pickPhysicalDevice(void)" (?pickPhysicalDevice@HelloTriangle@@AAEXXZ)
main.obj : error LNK2019: unresolved external symbol _vkGetPhysicalDeviceQueueFamilyProperties@12 referenced in function "private: struct QueueFamilyIndices __thiscall HelloTriangle::findQueueFamilies(struct VkPhysicalDevice_T *)" (?findQueueFamilies@HelloTriangle@@AAE?AUQueueFamilyIndices@@PAUVkPhysicalDevice_T@@@Z)
main.obj : error LNK2019: unresolved external symbol _vkGetInstanceProcAddr@8 referenced in function "enum VkResult __cdecl CreateDebugUtilsMessengerEXT(struct VkInstance_T *,struct VkDebugUtilsMessengerCreateInfoEXT const *,struct VkAllocationCallbacks const *,unsigned __int64 *)" (?CreateDebugUtilsMessengerEXT@@YA?AW4VkResult@@PAUVkInstance_T@@PBUVkDebugUtilsMessengerCreateInfoEXT@@PBUVkAllocationCallbacks@@PA_K@Z)
main.obj : error LNK2019: unresolved external symbol _vkCreateDevice@16 referenced in function "private: void __thiscall HelloTriangle::createLogicalDevice(void)" (?createLogicalDevice@HelloTriangle@@AAEXXZ)
main.obj : error LNK2019: unresolved external symbol _vkDestroyDevice@8 referenced in function "private: void __thiscall HelloTriangle::cleanup(void)" (?cleanup@HelloTriangle@@AAEXXZ)
main.obj : error LNK2019: unresolved external symbol _vkEnumerateDeviceExtensionProperties@16 referenced in function "private: bool __thiscall HelloTriangle::checkDeviceExtensionSupport(struct VkPhysicalDevice_T *)" (?checkDeviceExtensionSupport@HelloTriangle@@AAE_NPAUVkPhysicalDevice_T@@@Z)
main.obj : error LNK2019: unresolved external symbol _vkEnumerateInstanceLayerProperties@8 referenced in function "private: bool __thiscall HelloTriangle::checkValidationLayerSupport(void)" (?checkValidationLayerSupport@HelloTriangle@@AAE_NXZ)
main.obj : error LNK2019: unresolved external symbol _vkGetDeviceQueue@16 referenced in function "private: void __thiscall HelloTriangle::createLogicalDevice(void)" (?createLogicalDevice@HelloTriangle@@AAEXXZ)
main.obj : error LNK2019: unresolved external symbol _vkQueueSubmit@20 referenced in function "private: void __thiscall HelloTriangle::drawFrame(void)" (?drawFrame@HelloTriangle@@AAEXXZ)
main.obj : error LNK2019: unresolved external symbol _vkDeviceWaitIdle@4 referenced in function "private: void __thiscall HelloTriangle::mainLoop(void)" (?mainLoop@HelloTriangle@@AAEXXZ)
main.obj : error LNK2019: unresolved external symbol _vkCreateFence@16 referenced in function "private: void __thiscall HelloTriangle::createSyncObjects(void)" (?createSyncObjects@HelloTriangle@@AAEXXZ)
main.obj : error LNK2019: unresolved external symbol _vkDestroyFence@16 referenced in function "private: void __thiscall HelloTriangle::cleanup(void)" (?cleanup@HelloTriangle@@AAEXXZ)
main.obj : error LNK2019: unresolved external symbol _vkResetFences@12 referenced in function "private: void __thiscall HelloTriangle::drawFrame(void)" (?drawFrame@HelloTriangle@@AAEXXZ)
main.obj : error LNK2019: unresolved external symbol _vkWaitForFences@24 referenced in function "private: void __thiscall HelloTriangle::drawFrame(void)" (?drawFrame@HelloTriangle@@AAEXXZ)
main.obj : error LNK2019: unresolved external symbol _vkCreateSemaphore@16 referenced in function "private: void __thiscall HelloTriangle::createSyncObjects(void)" (?createSyncObjects@HelloTriangle@@AAEXXZ)
main.obj : error LNK2019: unresolved external symbol _vkDestroySemaphore@16 referenced in function "private: void __thiscall HelloTriangle::cleanup(void)" (?cleanup@HelloTriangle@@AAEXXZ)
main.obj : error LNK2019: unresolved external symbol _vkCreateImageView@16 referenced in function "private: void __thiscall HelloTriangle::createImageViews(void)" (?createImageViews@HelloTriangle@@AAEXXZ)
main.obj : error LNK2019: unresolved external symbol _vkDestroyImageView@16 referenced in function "private: void __thiscall HelloTriangle::cleanup(void)" (?cleanup@HelloTriangle@@AAEXXZ)
main.obj : error LNK2019: unresolved external symbol _vkCreateShaderModule@16 referenced in function "private: unsigned __int64 __thiscall HelloTriangle::createShaderModule(class std::vector<char,class std::allocator<char> > const &)" (?createShaderModule@HelloTriangle@@AAE_KABV?$vector@DV?$allocator@D@std@@@std@@@Z)
main.obj : error LNK2019: unresolved external symbol _vkDestroyShaderModule@16 referenced in function "private: void __thiscall HelloTriangle::createGraphicsPipeline(void)" (?createGraphicsPipeline@HelloTriangle@@AAEXXZ)
main.obj : error LNK2019: unresolved external symbol _vkCreateGraphicsPipelines@28 referenced in function "private: void __thiscall HelloTriangle::createGraphicsPipeline(void)" (?createGraphicsPipeline@HelloTriangle@@AAEXXZ)
main.obj : error LNK2019: unresolved external symbol _vkDestroyPipeline@16 referenced in function "private: void __thiscall HelloTriangle::cleanup(void)" (?cleanup@HelloTriangle@@AAEXXZ)
main.obj : error LNK2019: unresolved external symbol _vkCreatePipelineLayout@16 referenced in function "private: void __thiscall HelloTriangle::createGraphicsPipeline(void)" (?createGraphicsPipeline@HelloTriangle@@AAEXXZ)
main.obj : error LNK2019: unresolved external symbol _vkDestroyPipelineLayout@16 referenced in function "private: void __thiscall HelloTriangle::cleanup(void)" (?cleanup@HelloTriangle@@AAEXXZ)
main.obj : error LNK2019: unresolved external symbol _vkCreateFramebuffer@16 referenced in function "private: void __thiscall HelloTriangle::createFramebuffers(void)" (?createFramebuffers@HelloTriangle@@AAEXXZ)
main.obj : error LNK2019: unresolved external symbol _vkDestroyFramebuffer@16 referenced in function "private: void __thiscall HelloTriangle::cleanup(void)" (?cleanup@HelloTriangle@@AAEXXZ)
main.obj : error LNK2019: unresolved external symbol _vkCreateRenderPass@16 referenced in function "private: void __thiscall HelloTriangle::createRenderPass(void)" (?createRenderPass@HelloTriangle@@AAEXXZ)
main.obj : error LNK2019: unresolved external symbol _vkDestroyRenderPass@16 referenced in function "private: void __thiscall HelloTriangle::cleanup(void)" (?cleanup@HelloTriangle@@AAEXXZ)
main.obj : error LNK2019: unresolved external symbol _vkCreateCommandPool@16 referenced in function "private: void __thiscall HelloTriangle::createCommandPool(void)" (?createCommandPool@HelloTriangle@@AAEXXZ)
main.obj : error LNK2019: unresolved external symbol _vkDestroyCommandPool@16 referenced in function "private: void __thiscall HelloTriangle::cleanup(void)" (?cleanup@HelloTriangle@@AAEXXZ)
main.obj : error LNK2019: unresolved external symbol _vkAllocateCommandBuffers@12 referenced in function "private: void __thiscall HelloTriangle::createCommandBuffer(void)" (?createCommandBuffer@HelloTriangle@@AAEXXZ)
main.obj : error LNK2019: unresolved external symbol _vkBeginCommandBuffer@8 referenced in function "private: void __thiscall HelloTriangle::recordCommandBuffer(struct VkCommandBuffer_T *,unsigned int)" (?recordCommandBuffer@HelloTriangle@@AAEXPAUVkCommandBuffer_T@@I@Z)
main.obj : error LNK2019: unresolved external symbol _vkEndCommandBuffer@4 referenced in function "private: void __thiscall HelloTriangle::recordCommandBuffer(struct VkCommandBuffer_T *,unsigned int)" (?recordCommandBuffer@HelloTriangle@@AAEXPAUVkCommandBuffer_T@@I@Z)
main.obj : error LNK2019: unresolved external symbol _vkResetCommandBuffer@8 referenced in function "private: void __thiscall HelloTriangle::drawFrame(void)" (?drawFrame@HelloTriangle@@AAEXXZ)
main.obj : error LNK2019: unresolved external symbol _vkCmdBindPipeline@16 referenced in function "private: void __thiscall HelloTriangle::recordCommandBuffer(struct VkCommandBuffer_T *,unsigned int)" (?recordCommandBuffer@HelloTriangle@@AAEXPAUVkCommandBuffer_T@@I@Z)
main.obj : error LNK2019: unresolved external symbol _vkCmdSetViewport@16 referenced in function "private: void __thiscall HelloTriangle::recordCommandBuffer(struct VkCommandBuffer_T *,unsigned int)" (?recordCommandBuffer@HelloTriangle@@AAEXPAUVkCommandBuffer_T@@I@Z)
main.obj : error LNK2019: unresolved external symbol _vkCmdSetScissor@16 referenced in function "private: void __thiscall HelloTriangle::recordCommandBuffer(struct VkCommandBuffer_T *,unsigned int)" (?recordCommandBuffer@HelloTriangle@@AAEXPAUVkCommandBuffer_T@@I@Z)
main.obj : error LNK2019: unresolved external symbol _vkCmdDraw@20 referenced in function "private: void __thiscall HelloTriangle::recordCommandBuffer(struct VkCommandBuffer_T *,unsigned int)" (?recordCommandBuffer@HelloTriangle@@AAEXPAUVkCommandBuffer_T@@I@Z)
main.obj : error LNK2019: unresolved external symbol _vkCmdBeginRenderPass@12 referenced in function "private: void __thiscall HelloTriangle::recordCommandBuffer(struct VkCommandBuffer_T *,unsigned int)" (?recordCommandBuffer@HelloTriangle@@AAEXPAUVkCommandBuffer_T@@I@Z)
main.obj : error LNK2019: unresolved external symbol _vkCmdEndRenderPass@4 referenced in function "private: void __thiscall HelloTriangle::recordCommandBuffer(struct VkCommandBuffer_T *,unsigned int)" (?recordCommandBuffer@HelloTriangle@@AAEXPAUVkCommandBuffer_T@@I@Z)
main.obj : error LNK2019: unresolved external symbol _vkDestroySurfaceKHR@16 referenced in function "private: void __thiscall HelloTriangle::cleanup(void)" (?cleanup@HelloTriangle@@AAEXXZ)
main.obj : error LNK2019: unresolved external symbol _vkGetPhysicalDeviceSurfaceSupportKHR@20 referenced in function "private: struct QueueFamilyIndices __thiscall HelloTriangle::findQueueFamilies(struct VkPhysicalDevice_T *)" (?findQueueFamilies@HelloTriangle@@AAE?AUQueueFamilyIndices@@PAUVkPhysicalDevice_T@@@Z)
main.obj : error LNK2019: unresolved external symbol _vkGetPhysicalDeviceSurfaceCapabilitiesKHR@16 referenced in function "private: struct SwapChainSupportDetails __thiscall HelloTriangle::querySwapChainSupport(struct VkPhysicalDevice_T *)" (?querySwapChainSupport@HelloTriangle@@AAE?AUSwapChainSupportDetails@@PAUVkPhysicalDevice_T@@@Z)
main.obj : error LNK2019: unresolved external symbol _vkGetPhysicalDeviceSurfaceFormatsKHR@20 referenced in function "private: struct SwapChainSupportDetails __thiscall HelloTriangle::querySwapChainSupport(struct VkPhysicalDevice_T *)" (?querySwapChainSupport@HelloTriangle@@AAE?AUSwapChainSupportDetails@@PAUVkPhysicalDevice_T@@@Z)
main.obj : error LNK2019: unresolved external symbol _vkGetPhysicalDeviceSurfacePresentModesKHR@20 referenced in function "private: struct SwapChainSupportDetails __thiscall HelloTriangle::querySwapChainSupport(struct VkPhysicalDevice_T *)" (?querySwapChainSupport@HelloTriangle@@AAE?AUSwapChainSupportDetails@@PAUVkPhysicalDevice_T@@@Z)
main.obj : error LNK2019: unresolved external symbol _vkCreateSwapchainKHR@16 referenced in function "private: void __thiscall HelloTriangle::createSwapChain(void)" (?createSwapChain@HelloTriangle@@AAEXXZ)
main.obj : error LNK2019: unresolved external symbol _vkDestroySwapchainKHR@16 referenced in function "private: void __thiscall HelloTriangle::cleanup(void)" (?cleanup@HelloTriangle@@AAEXXZ)
main.obj : error LNK2019: unresolved external symbol _vkGetSwapchainImagesKHR@20 referenced in function "private: void __thiscall HelloTriangle::createSwapChain(void)" (?createSwapChain@HelloTriangle@@AAEXXZ)
main.obj : error LNK2019: unresolved external symbol _vkAcquireNextImageKHR@40 referenced in function "private: void __thiscall HelloTriangle::drawFrame(void)" (?drawFrame@HelloTriangle@@AAEXXZ)
main.obj : error LNK2019: unresolved external symbol _vkQueuePresentKHR@8 referenced in function "private: void __thiscall HelloTriangle::drawFrame(void)" (?drawFrame@HelloTriangle@@AAEXXZ)
main.obj : error LNK2019: unresolved external symbol _glfwInit referenced in function "private: void __thiscall HelloTriangle::initWindow(void)" (?initWindow@HelloTriangle@@AAEXXZ)
main.obj : error LNK2019: unresolved external symbol _glfwTerminate referenced in function "private: void __thiscall HelloTriangle::cleanup(void)" (?cleanup@HelloTriangle@@AAEXXZ)
main.obj : error LNK2019: unresolved external symbol _glfwWindowHint referenced in function "private: void __thiscall HelloTriangle::initWindow(void)" (?initWindow@HelloTriangle@@AAEXXZ)
main.obj : error LNK2019: unresolved external symbol _glfwCreateWindow referenced in function "private: void __thiscall HelloTriangle::initWindow(void)" (?initWindow@HelloTriangle@@AAEXXZ)
main.obj : error LNK2019: unresolved external symbol _glfwDestroyWindow referenced in function "private: void __thiscall HelloTriangle::cleanup(void)" (?cleanup@HelloTriangle@@AAEXXZ)
main.obj : error LNK2019: unresolved external symbol _glfwWindowShouldClose referenced in function "private: void __thiscall HelloTriangle::mainLoop(void)" (?mainLoop@HelloTriangle@@AAEXXZ)
main.obj : error LNK2019: unresolved external symbol _glfwGetFramebufferSize referenced in function "private: struct VkExtent2D __thiscall HelloTriangle::chooseSwapExtent(struct VkSurfaceCapabilitiesKHR const &)" (?chooseSwapExtent@HelloTriangle@@AAE?AUVkExtent2D@@ABUVkSurfaceCapabilitiesKHR@@@Z)
main.obj : error LNK2019: unresolved external symbol _glfwPollEvents referenced in function "private: void __thiscall HelloTriangle::mainLoop(void)" (?mainLoop@HelloTriangle@@AAEXXZ)
main.obj : error LNK2019: unresolved external symbol _glfwGetRequiredInstanceExtensions referenced in function "private: class std::vector<char const *,class std::allocator<char const *> > __thiscall HelloTriangle::getRequiredExtensions(void)" (?getRequiredExtensions@HelloTriangle@@AAE?AV?$vector@PBDV?$allocator@PBD@std@@@std@@XZ)
main.obj : error LNK2019: unresolved external symbol _glfwCreateWindowSurface referenced in function "private: void __thiscall HelloTriangle::createSurface(void)" (?createSurface@HelloTriangle@@AAEXXZ)
C:\Program Files\Vulkan\Lib\vulkan-1.lib : warning LNK4272: library machine type 'x64' conflicts with target machine type 'x86'
C:\Users\lewin\Documents\OpenGL Learn\VolumetricClouds\Libraries\lib\glfw3.lib : warning LNK4272: library machine type 'x64' conflicts with target machine type 'x86'
C:\Users\lewin\Documents\Vulkan Learn\LearnVulkan\Debug\LearnVulkan.exe : fatal error LNK1120: 62 unresolved externals
